<?xml version="1.0" encoding="UTF-8"?>
<!-- Generated by org.testng.reporters.JUnitReportReporter -->
<testsuite skipped="1" hostname="devi-PC" name="datadrivenTest.datadrivenFromExcellSheet" tests="1" failures="0" timestamp="2020-04-29T20:27:12 IST" time="0.000" errors="0">
  <testcase name="registrationTest" time="0.000" classname="datadrivenTest.datadrivenFromExcellSheet">
    <skipped/>
  </testcase> <!-- registrationTest -->
</testsuite> <!-- datadrivenTest.datadrivenFromExcellSheet -->
