<?xml version="1.0" encoding="UTF-8"?>
<!-- Generated by org.testng.reporters.JUnitReportReporter -->
<testsuite skipped="0" hostname="devi-PC" name="com.crm.qa.calenderHandling.log4j" tests="1" failures="0" timestamp="23 Apr 2020 09:32:46 GMT" time="66.184" errors="0">
  <testcase name="registrationTest" time="66.184" classname="com.crm.qa.calenderHandling.log4j"/>
</testsuite> <!-- com.crm.qa.calenderHandling.log4j -->
