<?xml version="1.0" encoding="UTF-8"?>
<!-- Generated by org.testng.reporters.JUnitReportReporter -->
<testsuite skipped="0" hostname="devi-PC" name="com.crm.qa.screenshot.Screenshot" tests="1" failures="0" timestamp="28 Apr 2020 10:20:20 GMT" time="132.147" errors="0">
  <testcase name="Capturescreenshot" time="132.147" classname="com.crm.qa.screenshot.Screenshot"/>
</testsuite> <!-- com.crm.qa.screenshot.Screenshot -->
