<?xml version="1.0" encoding="UTF-8"?>
<!-- Generated by org.testng.reporters.JUnitReportReporter -->
<testsuite skipped="1" hostname="devi-PC" name="ram.reading" tests="1" failures="0" timestamp="22 Apr 2020 13:07:37 GMT" time="0.000" errors="0">
  <testcase name="automationregistration" time="0.000" classname="ram.reading">
    <skipped/>
  </testcase> <!-- automationregistration -->
</testsuite> <!-- ram.reading -->
