<?xml version="1.0" encoding="UTF-8"?>
<!-- Generated by org.testng.reporters.JUnitReportReporter -->
<testsuite skipped="1" hostname="devi-PC" name="automation.pages.datadrivenFromExcellSheet" tests="1" failures="0" timestamp="2020-05-01T16:15:22 IST" time="0.000" errors="0">
  <testcase name="registrationTest" time="0.000" classname="automation.pages.datadrivenFromExcellSheet">
    <skipped/>
  </testcase> <!-- registrationTest -->
</testsuite> <!-- automation.pages.datadrivenFromExcellSheet -->
